06-07-22 11:12:20 955 405 [main] o.s.boot.SpringApplication--Application run failed 
java.lang.IllegalStateException: java.lang.IllegalStateException: Logback configuration error detected: 
ERROR in ch.qos.logback.core.pattern.parser.Compiler@662f5666 - There is no conversion class registered for conversion word [l]
ERROR in ch.qos.logback.core.pattern.parser.Compiler@662f5666 - [l] is not a valid conversion word
ERROR in ch.qos.logback.core.joran.spi.Interpreter@14:63 - no applicable action for [rollingPolicy], current ElementPath  is [[configuration][appender][rollingPolicy]]
ERROR in ch.qos.logback.core.joran.spi.Interpreter@15:21 - no applicable action for [FileNamepattern], current ElementPath  is [[configuration][appender][rollingPolicy][FileNamepattern]]
ERROR in ch.qos.logback.core.joran.spi.Interpreter@18:64 - no applicable action for [timeBasedFilenamingTriggeringPolicy], current ElementPath  is [[configuration][appender][rollingPolicy][timeBasedFilenamingTriggeringPolicy]]
ERROR in ch.qos.logback.core.joran.spi.Interpreter@19:19 - no applicable action for [maxFileSize], current ElementPath  is [[configuration][appender][rollingPolicy][timeBasedFilenamingTriggeringPolicy][maxFileSize]]
	at org.springframework.boot.context.logging.LoggingApplicationListener.initializeSystem(LoggingApplicationListener.java:328)
	at org.springframework.boot.context.logging.LoggingApplicationListener.initialize(LoggingApplicationListener.java:282)
	at org.springframework.boot.context.logging.LoggingApplicationListener.onApplicationEnvironmentPreparedEvent(LoggingApplicationListener.java:240)
	at org.springframework.boot.context.logging.LoggingApplicationListener.onApplicationEvent(LoggingApplicationListener.java:216)
	at org.springframework.context.event.SimpleApplicationEventMulticaster.doInvokeListener(SimpleApplicationEventMulticaster.java:176)
	at org.springframework.context.event.SimpleApplicationEventMulticaster.invokeListener(SimpleApplicationEventMulticaster.java:169)
	at org.springframework.context.event.SimpleApplicationEventMulticaster.multicastEvent(SimpleApplicationEventMulticaster.java:143)
	at org.springframework.context.event.SimpleApplicationEventMulticaster.multicastEvent(SimpleApplicationEventMulticaster.java:131)
	at org.springframework.boot.context.event.EventPublishingRunListener.environmentPrepared(EventPublishingRunListener.java:85)
	at org.springframework.boot.SpringApplicationRunListeners.lambda$environmentPrepared$2(SpringApplicationRunListeners.java:66)
	at java.base/java.util.ArrayList.forEach(ArrayList.java:1511)
	at org.springframework.boot.SpringApplicationRunListeners.doWithListeners(SpringApplicationRunListeners.java:120)
	at org.springframework.boot.SpringApplicationRunListeners.doWithListeners(SpringApplicationRunListeners.java:114)
	at org.springframework.boot.SpringApplicationRunListeners.environmentPrepared(SpringApplicationRunListeners.java:65)
	at org.springframework.boot.SpringApplication.prepareEnvironment(SpringApplication.java:344)
	at org.springframework.boot.SpringApplication.run(SpringApplication.java:302)
	at org.springframework.boot.SpringApplication.run(SpringApplication.java:1306)
	at org.springframework.boot.SpringApplication.run(SpringApplication.java:1295)
	at com.example.demo.LoggerprojectApplication.main(LoggerprojectApplication.java:10)
Caused by: java.lang.IllegalStateException: Logback configuration error detected: 
ERROR in ch.qos.logback.core.pattern.parser.Compiler@662f5666 - There is no conversion class registered for conversion word [l]
ERROR in ch.qos.logback.core.pattern.parser.Compiler@662f5666 - [l] is not a valid conversion word
ERROR in ch.qos.logback.core.joran.spi.Interpreter@14:63 - no applicable action for [rollingPolicy], current ElementPath  is [[configuration][appender][rollingPolicy]]
ERROR in ch.qos.logback.core.joran.spi.Interpreter@15:21 - no applicable action for [FileNamepattern], current ElementPath  is [[configuration][appender][rollingPolicy][FileNamepattern]]
ERROR in ch.qos.logback.core.joran.spi.Interpreter@18:64 - no applicable action for [timeBasedFilenamingTriggeringPolicy], current ElementPath  is [[configuration][appender][rollingPolicy][timeBasedFilenamingTriggeringPolicy]]
ERROR in ch.qos.logback.core.joran.spi.Interpreter@19:19 - no applicable action for [maxFileSize], current ElementPath  is [[configuration][appender][rollingPolicy][timeBasedFilenamingTriggeringPolicy][maxFileSize]]
	at org.springframework.boot.logging.logback.LogbackLoggingSystem.loadConfiguration(LogbackLoggingSystem.java:179)
	at org.springframework.boot.logging.logback.LogbackLoggingSystem.reinitialize(LogbackLoggingSystem.java:232)
	at org.springframework.boot.logging.AbstractLoggingSystem.initializeWithConventions(AbstractLoggingSystem.java:73)
	at org.springframework.boot.logging.AbstractLoggingSystem.initialize(AbstractLoggingSystem.java:60)
	at org.springframework.boot.logging.logback.LogbackLoggingSystem.initialize(LogbackLoggingSystem.java:132)
	at org.springframework.boot.context.logging.LoggingApplicationListener.initializeSystem(LoggingApplicationListener.java:313)
	... 18 common frames omitted
06-07-22 11:20:51 753 352 [main] o.s.boot.SpringApplication--Application run failed 
java.lang.IllegalStateException: java.lang.IllegalStateException: Logback configuration error detected: 
ERROR in ch.qos.logback.core.pattern.parser.Compiler@7756c3cd - There is no conversion class registered for conversion word [l]
ERROR in ch.qos.logback.core.pattern.parser.Compiler@7756c3cd - [l] is not a valid conversion word
ERROR in ch.qos.logback.core.joran.spi.Interpreter@14:63 - no applicable action for [rollingPolicy], current ElementPath  is [[configuration][appender][rollingPolicy]]
ERROR in ch.qos.logback.core.joran.spi.Interpreter@15:21 - no applicable action for [FileNamepattern], current ElementPath  is [[configuration][appender][rollingPolicy][FileNamepattern]]
ERROR in ch.qos.logback.core.joran.spi.Interpreter@18:64 - no applicable action for [timeBasedFilenamingTriggeringPolicy], current ElementPath  is [[configuration][appender][rollingPolicy][timeBasedFilenamingTriggeringPolicy]]
ERROR in ch.qos.logback.core.joran.spi.Interpreter@19:19 - no applicable action for [maxFileSize], current ElementPath  is [[configuration][appender][rollingPolicy][timeBasedFilenamingTriggeringPolicy][maxFileSize]]
	at org.springframework.boot.context.logging.LoggingApplicationListener.initializeSystem(LoggingApplicationListener.java:328)
	at org.springframework.boot.context.logging.LoggingApplicationListener.initialize(LoggingApplicationListener.java:282)
	at org.springframework.boot.context.logging.LoggingApplicationListener.onApplicationEnvironmentPreparedEvent(LoggingApplicationListener.java:240)
	at org.springframework.boot.context.logging.LoggingApplicationListener.onApplicationEvent(LoggingApplicationListener.java:216)
	at org.springframework.context.event.SimpleApplicationEventMulticaster.doInvokeListener(SimpleApplicationEventMulticaster.java:176)
	at org.springframework.context.event.SimpleApplicationEventMulticaster.invokeListener(SimpleApplicationEventMulticaster.java:169)
	at org.springframework.context.event.SimpleApplicationEventMulticaster.multicastEvent(SimpleApplicationEventMulticaster.java:143)
	at org.springframework.context.event.SimpleApplicationEventMulticaster.multicastEvent(SimpleApplicationEventMulticaster.java:131)
	at org.springframework.boot.context.event.EventPublishingRunListener.environmentPrepared(EventPublishingRunListener.java:85)
	at org.springframework.boot.SpringApplicationRunListeners.lambda$environmentPrepared$2(SpringApplicationRunListeners.java:66)
	at java.base/java.util.ArrayList.forEach(ArrayList.java:1511)
	at org.springframework.boot.SpringApplicationRunListeners.doWithListeners(SpringApplicationRunListeners.java:120)
	at org.springframework.boot.SpringApplicationRunListeners.doWithListeners(SpringApplicationRunListeners.java:114)
	at org.springframework.boot.SpringApplicationRunListeners.environmentPrepared(SpringApplicationRunListeners.java:65)
	at org.springframework.boot.SpringApplication.prepareEnvironment(SpringApplication.java:344)
	at org.springframework.boot.SpringApplication.run(SpringApplication.java:302)
	at org.springframework.boot.SpringApplication.run(SpringApplication.java:1306)
	at org.springframework.boot.SpringApplication.run(SpringApplication.java:1295)
	at com.example.demo.LoggerprojectApplication.main(LoggerprojectApplication.java:10)
Caused by: java.lang.IllegalStateException: Logback configuration error detected: 
ERROR in ch.qos.logback.core.pattern.parser.Compiler@7756c3cd - There is no conversion class registered for conversion word [l]
ERROR in ch.qos.logback.core.pattern.parser.Compiler@7756c3cd - [l] is not a valid conversion word
ERROR in ch.qos.logback.core.joran.spi.Interpreter@14:63 - no applicable action for [rollingPolicy], current ElementPath  is [[configuration][appender][rollingPolicy]]
ERROR in ch.qos.logback.core.joran.spi.Interpreter@15:21 - no applicable action for [FileNamepattern], current ElementPath  is [[configuration][appender][rollingPolicy][FileNamepattern]]
ERROR in ch.qos.logback.core.joran.spi.Interpreter@18:64 - no applicable action for [timeBasedFilenamingTriggeringPolicy], current ElementPath  is [[configuration][appender][rollingPolicy][timeBasedFilenamingTriggeringPolicy]]
ERROR in ch.qos.logback.core.joran.spi.Interpreter@19:19 - no applicable action for [maxFileSize], current ElementPath  is [[configuration][appender][rollingPolicy][timeBasedFilenamingTriggeringPolicy][maxFileSize]]
	at org.springframework.boot.logging.logback.LogbackLoggingSystem.loadConfiguration(LogbackLoggingSystem.java:179)
	at org.springframework.boot.logging.logback.LogbackLoggingSystem.reinitialize(LogbackLoggingSystem.java:232)
	at org.springframework.boot.logging.AbstractLoggingSystem.initializeWithConventions(AbstractLoggingSystem.java:73)
	at org.springframework.boot.logging.AbstractLoggingSystem.initialize(AbstractLoggingSystem.java:60)
	at org.springframework.boot.logging.logback.LogbackLoggingSystem.initialize(LogbackLoggingSystem.java:132)
	at org.springframework.boot.context.logging.LoggingApplicationListener.initializeSystem(LoggingApplicationListener.java:313)
	... 18 common frames omitted
06-07-22 11:21:37 782 288 [main] o.s.boot.SpringApplication--Application run failed 
java.lang.IllegalStateException: java.lang.IllegalStateException: Logback configuration error detected: 
ERROR in ch.qos.logback.core.pattern.parser.Compiler@6f8f9349 - There is no conversion class registered for conversion word [l]
ERROR in ch.qos.logback.core.pattern.parser.Compiler@6f8f9349 - [l] is not a valid conversion word
ERROR in ch.qos.logback.core.joran.spi.Interpreter@14:63 - no applicable action for [rollingPolicy], current ElementPath  is [[configuration][appender][rollingPolicy]]
ERROR in ch.qos.logback.core.joran.spi.Interpreter@15:21 - no applicable action for [FileNamepattern], current ElementPath  is [[configuration][appender][rollingPolicy][FileNamepattern]]
ERROR in ch.qos.logback.core.joran.spi.Interpreter@18:64 - no applicable action for [timeBasedFilenamingTriggeringPolicy], current ElementPath  is [[configuration][appender][rollingPolicy][timeBasedFilenamingTriggeringPolicy]]
ERROR in ch.qos.logback.core.joran.spi.Interpreter@19:19 - no applicable action for [maxFileSize], current ElementPath  is [[configuration][appender][rollingPolicy][timeBasedFilenamingTriggeringPolicy][maxFileSize]]
	at org.springframework.boot.context.logging.LoggingApplicationListener.initializeSystem(LoggingApplicationListener.java:328)
	at org.springframework.boot.context.logging.LoggingApplicationListener.initialize(LoggingApplicationListener.java:282)
	at org.springframework.boot.context.logging.LoggingApplicationListener.onApplicationEnvironmentPreparedEvent(LoggingApplicationListener.java:240)
	at org.springframework.boot.context.logging.LoggingApplicationListener.onApplicationEvent(LoggingApplicationListener.java:216)
	at org.springframework.context.event.SimpleApplicationEventMulticaster.doInvokeListener(SimpleApplicationEventMulticaster.java:176)
	at org.springframework.context.event.SimpleApplicationEventMulticaster.invokeListener(SimpleApplicationEventMulticaster.java:169)
	at org.springframework.context.event.SimpleApplicationEventMulticaster.multicastEvent(SimpleApplicationEventMulticaster.java:143)
	at org.springframework.context.event.SimpleApplicationEventMulticaster.multicastEvent(SimpleApplicationEventMulticaster.java:131)
	at org.springframework.boot.context.event.EventPublishingRunListener.environmentPrepared(EventPublishingRunListener.java:85)
	at org.springframework.boot.SpringApplicationRunListeners.lambda$environmentPrepared$2(SpringApplicationRunListeners.java:66)
	at java.base/java.util.ArrayList.forEach(ArrayList.java:1511)
	at org.springframework.boot.SpringApplicationRunListeners.doWithListeners(SpringApplicationRunListeners.java:120)
	at org.springframework.boot.SpringApplicationRunListeners.doWithListeners(SpringApplicationRunListeners.java:114)
	at org.springframework.boot.SpringApplicationRunListeners.environmentPrepared(SpringApplicationRunListeners.java:65)
	at org.springframework.boot.SpringApplication.prepareEnvironment(SpringApplication.java:344)
	at org.springframework.boot.SpringApplication.run(SpringApplication.java:302)
	at org.springframework.boot.SpringApplication.run(SpringApplication.java:1306)
	at org.springframework.boot.SpringApplication.run(SpringApplication.java:1295)
	at com.example.demo.LoggerprojectApplication.main(LoggerprojectApplication.java:10)
Caused by: java.lang.IllegalStateException: Logback configuration error detected: 
ERROR in ch.qos.logback.core.pattern.parser.Compiler@6f8f9349 - There is no conversion class registered for conversion word [l]
ERROR in ch.qos.logback.core.pattern.parser.Compiler@6f8f9349 - [l] is not a valid conversion word
ERROR in ch.qos.logback.core.joran.spi.Interpreter@14:63 - no applicable action for [rollingPolicy], current ElementPath  is [[configuration][appender][rollingPolicy]]
ERROR in ch.qos.logback.core.joran.spi.Interpreter@15:21 - no applicable action for [FileNamepattern], current ElementPath  is [[configuration][appender][rollingPolicy][FileNamepattern]]
ERROR in ch.qos.logback.core.joran.spi.Interpreter@18:64 - no applicable action for [timeBasedFilenamingTriggeringPolicy], current ElementPath  is [[configuration][appender][rollingPolicy][timeBasedFilenamingTriggeringPolicy]]
ERROR in ch.qos.logback.core.joran.spi.Interpreter@19:19 - no applicable action for [maxFileSize], current ElementPath  is [[configuration][appender][rollingPolicy][timeBasedFilenamingTriggeringPolicy][maxFileSize]]
	at org.springframework.boot.logging.logback.LogbackLoggingSystem.loadConfiguration(LogbackLoggingSystem.java:179)
	at org.springframework.boot.logging.logback.LogbackLoggingSystem.reinitialize(LogbackLoggingSystem.java:232)
	at org.springframework.boot.logging.AbstractLoggingSystem.initializeWithConventions(AbstractLoggingSystem.java:73)
	at org.springframework.boot.logging.AbstractLoggingSystem.initialize(AbstractLoggingSystem.java:60)
	at org.springframework.boot.logging.logback.LogbackLoggingSystem.initialize(LogbackLoggingSystem.java:132)
	at org.springframework.boot.context.logging.LoggingApplicationListener.initializeSystem(LoggingApplicationListener.java:313)
	... 18 common frames omitted
06-07-22 11:22:43 677 363 [main] o.s.boot.SpringApplication--Application run failed 
java.lang.IllegalStateException: java.lang.IllegalStateException: Logback configuration error detected: 
ERROR in ch.qos.logback.core.joran.spi.Interpreter@14:63 - no applicable action for [rollingPolicy], current ElementPath  is [[configuration][appender][rollingPolicy]]
ERROR in ch.qos.logback.core.joran.spi.Interpreter@15:21 - no applicable action for [FileNamepattern], current ElementPath  is [[configuration][appender][rollingPolicy][FileNamepattern]]
ERROR in ch.qos.logback.core.joran.spi.Interpreter@18:64 - no applicable action for [timeBasedFilenamingTriggeringPolicy], current ElementPath  is [[configuration][appender][rollingPolicy][timeBasedFilenamingTriggeringPolicy]]
ERROR in ch.qos.logback.core.joran.spi.Interpreter@19:19 - no applicable action for [maxFileSize], current ElementPath  is [[configuration][appender][rollingPolicy][timeBasedFilenamingTriggeringPolicy][maxFileSize]]
	at org.springframework.boot.context.logging.LoggingApplicationListener.initializeSystem(LoggingApplicationListener.java:328)
	at org.springframework.boot.context.logging.LoggingApplicationListener.initialize(LoggingApplicationListener.java:282)
	at org.springframework.boot.context.logging.LoggingApplicationListener.onApplicationEnvironmentPreparedEvent(LoggingApplicationListener.java:240)
	at org.springframework.boot.context.logging.LoggingApplicationListener.onApplicationEvent(LoggingApplicationListener.java:216)
	at org.springframework.context.event.SimpleApplicationEventMulticaster.doInvokeListener(SimpleApplicationEventMulticaster.java:176)
	at org.springframework.context.event.SimpleApplicationEventMulticaster.invokeListener(SimpleApplicationEventMulticaster.java:169)
	at org.springframework.context.event.SimpleApplicationEventMulticaster.multicastEvent(SimpleApplicationEventMulticaster.java:143)
	at org.springframework.context.event.SimpleApplicationEventMulticaster.multicastEvent(SimpleApplicationEventMulticaster.java:131)
	at org.springframework.boot.context.event.EventPublishingRunListener.environmentPrepared(EventPublishingRunListener.java:85)
	at org.springframework.boot.SpringApplicationRunListeners.lambda$environmentPrepared$2(SpringApplicationRunListeners.java:66)
	at java.base/java.util.ArrayList.forEach(ArrayList.java:1511)
	at org.springframework.boot.SpringApplicationRunListeners.doWithListeners(SpringApplicationRunListeners.java:120)
	at org.springframework.boot.SpringApplicationRunListeners.doWithListeners(SpringApplicationRunListeners.java:114)
	at org.springframework.boot.SpringApplicationRunListeners.environmentPrepared(SpringApplicationRunListeners.java:65)
	at org.springframework.boot.SpringApplication.prepareEnvironment(SpringApplication.java:344)
	at org.springframework.boot.SpringApplication.run(SpringApplication.java:302)
	at org.springframework.boot.SpringApplication.run(SpringApplication.java:1306)
	at org.springframework.boot.SpringApplication.run(SpringApplication.java:1295)
	at com.example.demo.LoggerprojectApplication.main(LoggerprojectApplication.java:10)
Caused by: java.lang.IllegalStateException: Logback configuration error detected: 
ERROR in ch.qos.logback.core.joran.spi.Interpreter@14:63 - no applicable action for [rollingPolicy], current ElementPath  is [[configuration][appender][rollingPolicy]]
ERROR in ch.qos.logback.core.joran.spi.Interpreter@15:21 - no applicable action for [FileNamepattern], current ElementPath  is [[configuration][appender][rollingPolicy][FileNamepattern]]
ERROR in ch.qos.logback.core.joran.spi.Interpreter@18:64 - no applicable action for [timeBasedFilenamingTriggeringPolicy], current ElementPath  is [[configuration][appender][rollingPolicy][timeBasedFilenamingTriggeringPolicy]]
ERROR in ch.qos.logback.core.joran.spi.Interpreter@19:19 - no applicable action for [maxFileSize], current ElementPath  is [[configuration][appender][rollingPolicy][timeBasedFilenamingTriggeringPolicy][maxFileSize]]
	at org.springframework.boot.logging.logback.LogbackLoggingSystem.loadConfiguration(LogbackLoggingSystem.java:179)
	at org.springframework.boot.logging.logback.LogbackLoggingSystem.reinitialize(LogbackLoggingSystem.java:232)
	at org.springframework.boot.logging.AbstractLoggingSystem.initializeWithConventions(AbstractLoggingSystem.java:73)
	at org.springframework.boot.logging.AbstractLoggingSystem.initialize(AbstractLoggingSystem.java:60)
	at org.springframework.boot.logging.logback.LogbackLoggingSystem.initialize(LogbackLoggingSystem.java:132)
	at org.springframework.boot.context.logging.LoggingApplicationListener.initializeSystem(LoggingApplicationListener.java:313)
	... 18 common frames omitted
06-07-22 11:26:30 254 416 [main] o.s.boot.SpringApplication--Application run failed 
java.lang.IllegalStateException: java.lang.IllegalStateException: Logback configuration error detected: 
ERROR in ch.qos.logback.core.joran.spi.Interpreter@14:63 - no applicable action for [rollingPolicy], current ElementPath  is [[configuration][appender][rollingPolicy]]
ERROR in ch.qos.logback.core.joran.spi.Interpreter@15:21 - no applicable action for [FileNamepattern], current ElementPath  is [[configuration][appender][rollingPolicy][FileNamepattern]]
ERROR in ch.qos.logback.core.joran.spi.Interpreter@18:64 - no applicable action for [timeBasedFilenamingTriggeringPolicy], current ElementPath  is [[configuration][appender][rollingPolicy][timeBasedFilenamingTriggeringPolicy]]
ERROR in ch.qos.logback.core.joran.spi.Interpreter@19:19 - no applicable action for [maxFileSize], current ElementPath  is [[configuration][appender][rollingPolicy][timeBasedFilenamingTriggeringPolicy][maxFileSize]]
	at org.springframework.boot.context.logging.LoggingApplicationListener.initializeSystem(LoggingApplicationListener.java:328)
	at org.springframework.boot.context.logging.LoggingApplicationListener.initialize(LoggingApplicationListener.java:282)
	at org.springframework.boot.context.logging.LoggingApplicationListener.onApplicationEnvironmentPreparedEvent(LoggingApplicationListener.java:240)
	at org.springframework.boot.context.logging.LoggingApplicationListener.onApplicationEvent(LoggingApplicationListener.java:216)
	at org.springframework.context.event.SimpleApplicationEventMulticaster.doInvokeListener(SimpleApplicationEventMulticaster.java:176)
	at org.springframework.context.event.SimpleApplicationEventMulticaster.invokeListener(SimpleApplicationEventMulticaster.java:169)
	at org.springframework.context.event.SimpleApplicationEventMulticaster.multicastEvent(SimpleApplicationEventMulticaster.java:143)
	at org.springframework.context.event.SimpleApplicationEventMulticaster.multicastEvent(SimpleApplicationEventMulticaster.java:131)
	at org.springframework.boot.context.event.EventPublishingRunListener.environmentPrepared(EventPublishingRunListener.java:85)
	at org.springframework.boot.SpringApplicationRunListeners.lambda$environmentPrepared$2(SpringApplicationRunListeners.java:66)
	at java.base/java.util.ArrayList.forEach(ArrayList.java:1511)
	at org.springframework.boot.SpringApplicationRunListeners.doWithListeners(SpringApplicationRunListeners.java:120)
	at org.springframework.boot.SpringApplicationRunListeners.doWithListeners(SpringApplicationRunListeners.java:114)
	at org.springframework.boot.SpringApplicationRunListeners.environmentPrepared(SpringApplicationRunListeners.java:65)
	at org.springframework.boot.SpringApplication.prepareEnvironment(SpringApplication.java:344)
	at org.springframework.boot.SpringApplication.run(SpringApplication.java:302)
	at org.springframework.boot.SpringApplication.run(SpringApplication.java:1306)
	at org.springframework.boot.SpringApplication.run(SpringApplication.java:1295)
	at com.example.demo.LoggerprojectApplication.main(LoggerprojectApplication.java:10)
Caused by: java.lang.IllegalStateException: Logback configuration error detected: 
ERROR in ch.qos.logback.core.joran.spi.Interpreter@14:63 - no applicable action for [rollingPolicy], current ElementPath  is [[configuration][appender][rollingPolicy]]
ERROR in ch.qos.logback.core.joran.spi.Interpreter@15:21 - no applicable action for [FileNamepattern], current ElementPath  is [[configuration][appender][rollingPolicy][FileNamepattern]]
ERROR in ch.qos.logback.core.joran.spi.Interpreter@18:64 - no applicable action for [timeBasedFilenamingTriggeringPolicy], current ElementPath  is [[configuration][appender][rollingPolicy][timeBasedFilenamingTriggeringPolicy]]
ERROR in ch.qos.logback.core.joran.spi.Interpreter@19:19 - no applicable action for [maxFileSize], current ElementPath  is [[configuration][appender][rollingPolicy][timeBasedFilenamingTriggeringPolicy][maxFileSize]]
	at org.springframework.boot.logging.logback.LogbackLoggingSystem.loadConfiguration(LogbackLoggingSystem.java:179)
	at org.springframework.boot.logging.logback.LogbackLoggingSystem.reinitialize(LogbackLoggingSystem.java:232)
	at org.springframework.boot.logging.AbstractLoggingSystem.initializeWithConventions(AbstractLoggingSystem.java:73)
	at org.springframework.boot.logging.AbstractLoggingSystem.initialize(AbstractLoggingSystem.java:60)
	at org.springframework.boot.logging.logback.LogbackLoggingSystem.initialize(LogbackLoggingSystem.java:132)
	at org.springframework.boot.context.logging.LoggingApplicationListener.initializeSystem(LoggingApplicationListener.java:313)
	... 18 common frames omitted
06-07-22 11:31:05 052 81956 [main] o.s.boot.SpringApplication--Application run failed 
java.lang.IllegalStateException: java.lang.IllegalStateException: Logback configuration error detected: 
ERROR in ch.qos.logback.core.joran.spi.Interpreter@14:63 - no applicable action for [rollingPolicy], current ElementPath  is [[configuration][appender][rollingPolicy]]
ERROR in ch.qos.logback.core.joran.spi.Interpreter@15:21 - no applicable action for [FileNamepattern], current ElementPath  is [[configuration][appender][rollingPolicy][FileNamepattern]]
ERROR in ch.qos.logback.core.joran.spi.Interpreter@18:64 - no applicable action for [timeBasedFilenamingTriggeringPolicy], current ElementPath  is [[configuration][appender][rollingPolicy][timeBasedFilenamingTriggeringPolicy]]
ERROR in ch.qos.logback.core.joran.spi.Interpreter@19:19 - no applicable action for [maxFileSize], current ElementPath  is [[configuration][appender][rollingPolicy][timeBasedFilenamingTriggeringPolicy][maxFileSize]]
	at org.springframework.boot.context.logging.LoggingApplicationListener.initializeSystem(LoggingApplicationListener.java:328)
	at org.springframework.boot.context.logging.LoggingApplicationListener.initialize(LoggingApplicationListener.java:282)
	at org.springframework.boot.context.logging.LoggingApplicationListener.onApplicationEnvironmentPreparedEvent(LoggingApplicationListener.java:240)
	at org.springframework.boot.context.logging.LoggingApplicationListener.onApplicationEvent(LoggingApplicationListener.java:216)
	at org.springframework.context.event.SimpleApplicationEventMulticaster.doInvokeListener(SimpleApplicationEventMulticaster.java:176)
	at org.springframework.context.event.SimpleApplicationEventMulticaster.invokeListener(SimpleApplicationEventMulticaster.java:169)
	at org.springframework.context.event.SimpleApplicationEventMulticaster.multicastEvent(SimpleApplicationEventMulticaster.java:143)
	at org.springframework.context.event.SimpleApplicationEventMulticaster.multicastEvent(SimpleApplicationEventMulticaster.java:131)
	at org.springframework.boot.context.event.EventPublishingRunListener.environmentPrepared(EventPublishingRunListener.java:85)
	at org.springframework.boot.SpringApplicationRunListeners.lambda$environmentPrepared$2(SpringApplicationRunListeners.java:66)
	at java.base/java.util.ArrayList.forEach(ArrayList.java:1511)
	at org.springframework.boot.SpringApplicationRunListeners.doWithListeners(SpringApplicationRunListeners.java:120)
	at org.springframework.boot.SpringApplicationRunListeners.doWithListeners(SpringApplicationRunListeners.java:114)
	at org.springframework.boot.SpringApplicationRunListeners.environmentPrepared(SpringApplicationRunListeners.java:65)
	at org.springframework.boot.SpringApplication.prepareEnvironment(SpringApplication.java:344)
	at org.springframework.boot.SpringApplication.run(SpringApplication.java:302)
	at org.springframework.boot.SpringApplication.run(SpringApplication.java:1306)
	at org.springframework.boot.SpringApplication.run(SpringApplication.java:1295)
	at com.example.demo.LoggerprojectApplication.main(LoggerprojectApplication.java:10)
Caused by: java.lang.IllegalStateException: Logback configuration error detected: 
ERROR in ch.qos.logback.core.joran.spi.Interpreter@14:63 - no applicable action for [rollingPolicy], current ElementPath  is [[configuration][appender][rollingPolicy]]
ERROR in ch.qos.logback.core.joran.spi.Interpreter@15:21 - no applicable action for [FileNamepattern], current ElementPath  is [[configuration][appender][rollingPolicy][FileNamepattern]]
ERROR in ch.qos.logback.core.joran.spi.Interpreter@18:64 - no applicable action for [timeBasedFilenamingTriggeringPolicy], current ElementPath  is [[configuration][appender][rollingPolicy][timeBasedFilenamingTriggeringPolicy]]
ERROR in ch.qos.logback.core.joran.spi.Interpreter@19:19 - no applicable action for [maxFileSize], current ElementPath  is [[configuration][appender][rollingPolicy][timeBasedFilenamingTriggeringPolicy][maxFileSize]]
	at org.springframework.boot.logging.logback.LogbackLoggingSystem.loadConfiguration(LogbackLoggingSystem.java:179)
	at org.springframework.boot.logging.logback.LogbackLoggingSystem.reinitialize(LogbackLoggingSystem.java:232)
	at org.springframework.boot.logging.AbstractLoggingSystem.initializeWithConventions(AbstractLoggingSystem.java:73)
	at org.springframework.boot.logging.AbstractLoggingSystem.initialize(AbstractLoggingSystem.java:60)
	at org.springframework.boot.logging.logback.LogbackLoggingSystem.initialize(LogbackLoggingSystem.java:132)
	at org.springframework.boot.context.logging.LoggingApplicationListener.initializeSystem(LoggingApplicationListener.java:313)
	... 18 common frames omitted
06-07-22 11:32:23 948 565 [main] o.s.boot.SpringApplication--Application run failed 
java.lang.IllegalStateException: java.lang.IllegalStateException: Logback configuration error detected: 
ERROR in ch.qos.logback.core.joran.spi.Interpreter@14:63 - no applicable action for [rollingPolicy], current ElementPath  is [[configuration][appender][rollingPolicy]]
ERROR in ch.qos.logback.core.joran.spi.Interpreter@15:21 - no applicable action for [FileNamepattern], current ElementPath  is [[configuration][appender][rollingPolicy][FileNamepattern]]
ERROR in ch.qos.logback.core.joran.spi.Interpreter@18:64 - no applicable action for [timeBasedFilenamingTriggeringPolicy], current ElementPath  is [[configuration][appender][rollingPolicy][timeBasedFilenamingTriggeringPolicy]]
ERROR in ch.qos.logback.core.joran.spi.Interpreter@19:19 - no applicable action for [maxFileSize], current ElementPath  is [[configuration][appender][rollingPolicy][timeBasedFilenamingTriggeringPolicy][maxFileSize]]
	at org.springframework.boot.context.logging.LoggingApplicationListener.initializeSystem(LoggingApplicationListener.java:328)
	at org.springframework.boot.context.logging.LoggingApplicationListener.initialize(LoggingApplicationListener.java:282)
	at org.springframework.boot.context.logging.LoggingApplicationListener.onApplicationEnvironmentPreparedEvent(LoggingApplicationListener.java:240)
	at org.springframework.boot.context.logging.LoggingApplicationListener.onApplicationEvent(LoggingApplicationListener.java:216)
	at org.springframework.context.event.SimpleApplicationEventMulticaster.doInvokeListener(SimpleApplicationEventMulticaster.java:176)
	at org.springframework.context.event.SimpleApplicationEventMulticaster.invokeListener(SimpleApplicationEventMulticaster.java:169)
	at org.springframework.context.event.SimpleApplicationEventMulticaster.multicastEvent(SimpleApplicationEventMulticaster.java:143)
	at org.springframework.context.event.SimpleApplicationEventMulticaster.multicastEvent(SimpleApplicationEventMulticaster.java:131)
	at org.springframework.boot.context.event.EventPublishingRunListener.environmentPrepared(EventPublishingRunListener.java:85)
	at org.springframework.boot.SpringApplicationRunListeners.lambda$environmentPrepared$2(SpringApplicationRunListeners.java:66)
	at java.base/java.util.ArrayList.forEach(ArrayList.java:1511)
	at org.springframework.boot.SpringApplicationRunListeners.doWithListeners(SpringApplicationRunListeners.java:120)
	at org.springframework.boot.SpringApplicationRunListeners.doWithListeners(SpringApplicationRunListeners.java:114)
	at org.springframework.boot.SpringApplicationRunListeners.environmentPrepared(SpringApplicationRunListeners.java:65)
	at org.springframework.boot.SpringApplication.prepareEnvironment(SpringApplication.java:344)
	at org.springframework.boot.SpringApplication.run(SpringApplication.java:302)
	at org.springframework.boot.SpringApplication.run(SpringApplication.java:1306)
	at org.springframework.boot.SpringApplication.run(SpringApplication.java:1295)
	at com.example.demo.LoggerprojectApplication.main(LoggerprojectApplication.java:10)
Caused by: java.lang.IllegalStateException: Logback configuration error detected: 
ERROR in ch.qos.logback.core.joran.spi.Interpreter@14:63 - no applicable action for [rollingPolicy], current ElementPath  is [[configuration][appender][rollingPolicy]]
ERROR in ch.qos.logback.core.joran.spi.Interpreter@15:21 - no applicable action for [FileNamepattern], current ElementPath  is [[configuration][appender][rollingPolicy][FileNamepattern]]
ERROR in ch.qos.logback.core.joran.spi.Interpreter@18:64 - no applicable action for [timeBasedFilenamingTriggeringPolicy], current ElementPath  is [[configuration][appender][rollingPolicy][timeBasedFilenamingTriggeringPolicy]]
ERROR in ch.qos.logback.core.joran.spi.Interpreter@19:19 - no applicable action for [maxFileSize], current ElementPath  is [[configuration][appender][rollingPolicy][timeBasedFilenamingTriggeringPolicy][maxFileSize]]
	at org.springframework.boot.logging.logback.LogbackLoggingSystem.loadConfiguration(LogbackLoggingSystem.java:179)
	at org.springframework.boot.logging.logback.LogbackLoggingSystem.reinitialize(LogbackLoggingSystem.java:232)
	at org.springframework.boot.logging.AbstractLoggingSystem.initializeWithConventions(AbstractLoggingSystem.java:73)
	at org.springframework.boot.logging.AbstractLoggingSystem.initialize(AbstractLoggingSystem.java:60)
	at org.springframework.boot.logging.logback.LogbackLoggingSystem.initialize(LogbackLoggingSystem.java:132)
	at org.springframework.boot.context.logging.LoggingApplicationListener.initializeSystem(LoggingApplicationListener.java:313)
	... 18 common frames omitted
06-07-22 11:38:55 923 373 [main] o.s.boot.SpringApplication--Application run failed 
java.lang.IllegalStateException: java.lang.IllegalStateException: Logback configuration error detected: 
ERROR in ch.qos.logback.core.joran.spi.Interpreter@16:63 - no applicable action for [rollingPolicy], current ElementPath  is [[configuration][appender][rollingPolicy]]
ERROR in ch.qos.logback.core.joran.spi.Interpreter@17:21 - no applicable action for [FileNamepattern], current ElementPath  is [[configuration][appender][rollingPolicy][FileNamepattern]]
ERROR in ch.qos.logback.core.joran.spi.Interpreter@20:64 - no applicable action for [timeBasedFilenamingTriggeringPolicy], current ElementPath  is [[configuration][appender][rollingPolicy][timeBasedFilenamingTriggeringPolicy]]
ERROR in ch.qos.logback.core.joran.spi.Interpreter@21:19 - no applicable action for [maxFileSize], current ElementPath  is [[configuration][appender][rollingPolicy][timeBasedFilenamingTriggeringPolicy][maxFileSize]]
	at org.springframework.boot.context.logging.LoggingApplicationListener.initializeSystem(LoggingApplicationListener.java:328)
	at org.springframework.boot.context.logging.LoggingApplicationListener.initialize(LoggingApplicationListener.java:282)
	at org.springframework.boot.context.logging.LoggingApplicationListener.onApplicationEnvironmentPreparedEvent(LoggingApplicationListener.java:240)
	at org.springframework.boot.context.logging.LoggingApplicationListener.onApplicationEvent(LoggingApplicationListener.java:216)
	at org.springframework.context.event.SimpleApplicationEventMulticaster.doInvokeListener(SimpleApplicationEventMulticaster.java:176)
	at org.springframework.context.event.SimpleApplicationEventMulticaster.invokeListener(SimpleApplicationEventMulticaster.java:169)
	at org.springframework.context.event.SimpleApplicationEventMulticaster.multicastEvent(SimpleApplicationEventMulticaster.java:143)
	at org.springframework.context.event.SimpleApplicationEventMulticaster.multicastEvent(SimpleApplicationEventMulticaster.java:131)
	at org.springframework.boot.context.event.EventPublishingRunListener.environmentPrepared(EventPublishingRunListener.java:85)
	at org.springframework.boot.SpringApplicationRunListeners.lambda$environmentPrepared$2(SpringApplicationRunListeners.java:66)
	at java.base/java.util.ArrayList.forEach(ArrayList.java:1511)
	at org.springframework.boot.SpringApplicationRunListeners.doWithListeners(SpringApplicationRunListeners.java:120)
	at org.springframework.boot.SpringApplicationRunListeners.doWithListeners(SpringApplicationRunListeners.java:114)
	at org.springframework.boot.SpringApplicationRunListeners.environmentPrepared(SpringApplicationRunListeners.java:65)
	at org.springframework.boot.SpringApplication.prepareEnvironment(SpringApplication.java:344)
	at org.springframework.boot.SpringApplication.run(SpringApplication.java:302)
	at org.springframework.boot.SpringApplication.run(SpringApplication.java:1306)
	at org.springframework.boot.SpringApplication.run(SpringApplication.java:1295)
	at com.example.demo.LoggerprojectApplication.main(LoggerprojectApplication.java:10)
Caused by: java.lang.IllegalStateException: Logback configuration error detected: 
ERROR in ch.qos.logback.core.joran.spi.Interpreter@16:63 - no applicable action for [rollingPolicy], current ElementPath  is [[configuration][appender][rollingPolicy]]
ERROR in ch.qos.logback.core.joran.spi.Interpreter@17:21 - no applicable action for [FileNamepattern], current ElementPath  is [[configuration][appender][rollingPolicy][FileNamepattern]]
ERROR in ch.qos.logback.core.joran.spi.Interpreter@20:64 - no applicable action for [timeBasedFilenamingTriggeringPolicy], current ElementPath  is [[configuration][appender][rollingPolicy][timeBasedFilenamingTriggeringPolicy]]
ERROR in ch.qos.logback.core.joran.spi.Interpreter@21:19 - no applicable action for [maxFileSize], current ElementPath  is [[configuration][appender][rollingPolicy][timeBasedFilenamingTriggeringPolicy][maxFileSize]]
	at org.springframework.boot.logging.logback.LogbackLoggingSystem.loadConfiguration(LogbackLoggingSystem.java:179)
	at org.springframework.boot.logging.logback.LogbackLoggingSystem.reinitialize(LogbackLoggingSystem.java:232)
	at org.springframework.boot.logging.AbstractLoggingSystem.initializeWithConventions(AbstractLoggingSystem.java:73)
	at org.springframework.boot.logging.AbstractLoggingSystem.initialize(AbstractLoggingSystem.java:60)
	at org.springframework.boot.logging.logback.LogbackLoggingSystem.initialize(LogbackLoggingSystem.java:132)
	at org.springframework.boot.context.logging.LoggingApplicationListener.initializeSystem(LoggingApplicationListener.java:313)
	... 18 common frames omitted
06-07-22 11:39:26 307 375 [main] o.s.boot.SpringApplication--Application run failed 
java.lang.IllegalStateException: java.lang.IllegalStateException: Logback configuration error detected: 
ERROR in ch.qos.logback.core.joran.spi.Interpreter@16:63 - no applicable action for [rollingPolicy], current ElementPath  is [[configuration][appender][rollingPolicy]]
ERROR in ch.qos.logback.core.joran.spi.Interpreter@17:21 - no applicable action for [FileNamepattern], current ElementPath  is [[configuration][appender][rollingPolicy][FileNamepattern]]
ERROR in ch.qos.logback.core.joran.spi.Interpreter@20:64 - no applicable action for [timeBasedFilenamingTriggeringPolicy], current ElementPath  is [[configuration][appender][rollingPolicy][timeBasedFilenamingTriggeringPolicy]]
ERROR in ch.qos.logback.core.joran.spi.Interpreter@21:19 - no applicable action for [maxFileSize], current ElementPath  is [[configuration][appender][rollingPolicy][timeBasedFilenamingTriggeringPolicy][maxFileSize]]
	at org.springframework.boot.context.logging.LoggingApplicationListener.initializeSystem(LoggingApplicationListener.java:328)
	at org.springframework.boot.context.logging.LoggingApplicationListener.initialize(LoggingApplicationListener.java:282)
	at org.springframework.boot.context.logging.LoggingApplicationListener.onApplicationEnvironmentPreparedEvent(LoggingApplicationListener.java:240)
	at org.springframework.boot.context.logging.LoggingApplicationListener.onApplicationEvent(LoggingApplicationListener.java:216)
	at org.springframework.context.event.SimpleApplicationEventMulticaster.doInvokeListener(SimpleApplicationEventMulticaster.java:176)
	at org.springframework.context.event.SimpleApplicationEventMulticaster.invokeListener(SimpleApplicationEventMulticaster.java:169)
	at org.springframework.context.event.SimpleApplicationEventMulticaster.multicastEvent(SimpleApplicationEventMulticaster.java:143)
	at org.springframework.context.event.SimpleApplicationEventMulticaster.multicastEvent(SimpleApplicationEventMulticaster.java:131)
	at org.springframework.boot.context.event.EventPublishingRunListener.environmentPrepared(EventPublishingRunListener.java:85)
	at org.springframework.boot.SpringApplicationRunListeners.lambda$environmentPrepared$2(SpringApplicationRunListeners.java:66)
	at java.base/java.util.ArrayList.forEach(ArrayList.java:1511)
	at org.springframework.boot.SpringApplicationRunListeners.doWithListeners(SpringApplicationRunListeners.java:120)
	at org.springframework.boot.SpringApplicationRunListeners.doWithListeners(SpringApplicationRunListeners.java:114)
	at org.springframework.boot.SpringApplicationRunListeners.environmentPrepared(SpringApplicationRunListeners.java:65)
	at org.springframework.boot.SpringApplication.prepareEnvironment(SpringApplication.java:344)
	at org.springframework.boot.SpringApplication.run(SpringApplication.java:302)
	at org.springframework.boot.SpringApplication.run(SpringApplication.java:1306)
	at org.springframework.boot.SpringApplication.run(SpringApplication.java:1295)
	at com.example.demo.LoggerprojectApplication.main(LoggerprojectApplication.java:10)
Caused by: java.lang.IllegalStateException: Logback configuration error detected: 
ERROR in ch.qos.logback.core.joran.spi.Interpreter@16:63 - no applicable action for [rollingPolicy], current ElementPath  is [[configuration][appender][rollingPolicy]]
ERROR in ch.qos.logback.core.joran.spi.Interpreter@17:21 - no applicable action for [FileNamepattern], current ElementPath  is [[configuration][appender][rollingPolicy][FileNamepattern]]
ERROR in ch.qos.logback.core.joran.spi.Interpreter@20:64 - no applicable action for [timeBasedFilenamingTriggeringPolicy], current ElementPath  is [[configuration][appender][rollingPolicy][timeBasedFilenamingTriggeringPolicy]]
ERROR in ch.qos.logback.core.joran.spi.Interpreter@21:19 - no applicable action for [maxFileSize], current ElementPath  is [[configuration][appender][rollingPolicy][timeBasedFilenamingTriggeringPolicy][maxFileSize]]
	at org.springframework.boot.logging.logback.LogbackLoggingSystem.loadConfiguration(LogbackLoggingSystem.java:179)
	at org.springframework.boot.logging.logback.LogbackLoggingSystem.reinitialize(LogbackLoggingSystem.java:232)
	at org.springframework.boot.logging.AbstractLoggingSystem.initializeWithConventions(AbstractLoggingSystem.java:73)
	at org.springframework.boot.logging.AbstractLoggingSystem.initialize(AbstractLoggingSystem.java:60)
	at org.springframework.boot.logging.logback.LogbackLoggingSystem.initialize(LogbackLoggingSystem.java:132)
	at org.springframework.boot.context.logging.LoggingApplicationListener.initializeSystem(LoggingApplicationListener.java:313)
	... 18 common frames omitted
06-07-22 11:39:53 292 362 [main] o.s.boot.SpringApplication--Application run failed 
java.lang.IllegalStateException: java.lang.IllegalStateException: Logback configuration error detected: 
ERROR in ch.qos.logback.core.joran.spi.Interpreter@16:63 - no applicable action for [rollingPolicy], current ElementPath  is [[configuration][appender][rollingPolicy]]
ERROR in ch.qos.logback.core.joran.spi.Interpreter@17:21 - no applicable action for [FileNamepattern], current ElementPath  is [[configuration][appender][rollingPolicy][FileNamepattern]]
ERROR in ch.qos.logback.core.joran.spi.Interpreter@20:64 - no applicable action for [timeBasedFilenamingTriggeringPolicy], current ElementPath  is [[configuration][appender][rollingPolicy][timeBasedFilenamingTriggeringPolicy]]
ERROR in ch.qos.logback.core.joran.spi.Interpreter@21:19 - no applicable action for [maxFileSize], current ElementPath  is [[configuration][appender][rollingPolicy][timeBasedFilenamingTriggeringPolicy][maxFileSize]]
	at org.springframework.boot.context.logging.LoggingApplicationListener.initializeSystem(LoggingApplicationListener.java:328)
	at org.springframework.boot.context.logging.LoggingApplicationListener.initialize(LoggingApplicationListener.java:282)
	at org.springframework.boot.context.logging.LoggingApplicationListener.onApplicationEnvironmentPreparedEvent(LoggingApplicationListener.java:240)
	at org.springframework.boot.context.logging.LoggingApplicationListener.onApplicationEvent(LoggingApplicationListener.java:216)
	at org.springframework.context.event.SimpleApplicationEventMulticaster.doInvokeListener(SimpleApplicationEventMulticaster.java:176)
	at org.springframework.context.event.SimpleApplicationEventMulticaster.invokeListener(SimpleApplicationEventMulticaster.java:169)
	at org.springframework.context.event.SimpleApplicationEventMulticaster.multicastEvent(SimpleApplicationEventMulticaster.java:143)
	at org.springframework.context.event.SimpleApplicationEventMulticaster.multicastEvent(SimpleApplicationEventMulticaster.java:131)
	at org.springframework.boot.context.event.EventPublishingRunListener.environmentPrepared(EventPublishingRunListener.java:85)
	at org.springframework.boot.SpringApplicationRunListeners.lambda$environmentPrepared$2(SpringApplicationRunListeners.java:66)
	at java.base/java.util.ArrayList.forEach(ArrayList.java:1511)
	at org.springframework.boot.SpringApplicationRunListeners.doWithListeners(SpringApplicationRunListeners.java:120)
	at org.springframework.boot.SpringApplicationRunListeners.doWithListeners(SpringApplicationRunListeners.java:114)
	at org.springframework.boot.SpringApplicationRunListeners.environmentPrepared(SpringApplicationRunListeners.java:65)
	at org.springframework.boot.SpringApplication.prepareEnvironment(SpringApplication.java:344)
	at org.springframework.boot.SpringApplication.run(SpringApplication.java:302)
	at org.springframework.boot.SpringApplication.run(SpringApplication.java:1306)
	at org.springframework.boot.SpringApplication.run(SpringApplication.java:1295)
	at com.example.demo.LoggerprojectApplication.main(LoggerprojectApplication.java:10)
Caused by: java.lang.IllegalStateException: Logback configuration error detected: 
ERROR in ch.qos.logback.core.joran.spi.Interpreter@16:63 - no applicable action for [rollingPolicy], current ElementPath  is [[configuration][appender][rollingPolicy]]
ERROR in ch.qos.logback.core.joran.spi.Interpreter@17:21 - no applicable action for [FileNamepattern], current ElementPath  is [[configuration][appender][rollingPolicy][FileNamepattern]]
ERROR in ch.qos.logback.core.joran.spi.Interpreter@20:64 - no applicable action for [timeBasedFilenamingTriggeringPolicy], current ElementPath  is [[configuration][appender][rollingPolicy][timeBasedFilenamingTriggeringPolicy]]
ERROR in ch.qos.logback.core.joran.spi.Interpreter@21:19 - no applicable action for [maxFileSize], current ElementPath  is [[configuration][appender][rollingPolicy][timeBasedFilenamingTriggeringPolicy][maxFileSize]]
	at org.springframework.boot.logging.logback.LogbackLoggingSystem.loadConfiguration(LogbackLoggingSystem.java:179)
	at org.springframework.boot.logging.logback.LogbackLoggingSystem.reinitialize(LogbackLoggingSystem.java:232)
	at org.springframework.boot.logging.AbstractLoggingSystem.initializeWithConventions(AbstractLoggingSystem.java:73)
	at org.springframework.boot.logging.AbstractLoggingSystem.initialize(AbstractLoggingSystem.java:60)
	at org.springframework.boot.logging.logback.LogbackLoggingSystem.initialize(LogbackLoggingSystem.java:132)
	at org.springframework.boot.context.logging.LoggingApplicationListener.initializeSystem(LoggingApplicationListener.java:313)
	... 18 common frames omitted
